<?xml version="1.0" encoding="UTF-8"?>
<!-- Generated by org.testng.reporters.JUnitReportReporter -->
<testsuite hostname="SAGAR" name="com.williams.sonoma.testcases.Demo1" tests="1" failures="0" timestamp="10 Mar 2019 11:17:11 GMT" time="47.269" errors="0">
  <testcase name="testCase" time="47.269" classname="com.williams.sonoma.testcases.Demo1"/>
</testsuite> <!-- com.williams.sonoma.testcases.Demo1 -->
