<?xml version="1.0" encoding="UTF-8"?>
<!-- Generated by org.testng.reporters.JUnitReportReporter -->
<testsuite hostname="SAGAR" name="com.williams.sonoma.testcases.TestCase" tests="2" failures="0" timestamp="11 Mar 2019 15:23:13 GMT" time="184.030" errors="0">
  <testcase name="testSaveForLater" time="183.884" classname="com.williams.sonoma.testcases.TestCase"/>
  <testcase name="verifyProductSavedForLater" time="0.146" classname="com.williams.sonoma.testcases.TestCase"/>
</testsuite> <!-- com.williams.sonoma.testcases.TestCase -->
